10/09/2018 17:23:22 [INFO] Checking for required Powershell modules...
10/09/2018 17:23:22 [STEP] --Triggering protection domain migration workflow--
10/09/2018 17:23:22 [INFO] Retrieving protection domains from Nutanix cluster 10.1.174.149 ...
10/09/2018 17:23:23 [SUCCESS] Successfully retrieved protection domains from Nutanix cluster 10.1.174.149
10/09/2018 17:23:23 [INFO] Migrating steph-esma-test1 to c01-lolita-infra ...
10/09/2018 17:23:24 [SUCCESS] Successfully started migration of steph-esma-test1 to c01-lolita-infra
10/09/2018 17:23:24 [INFO] Retrieving list of tasks on the cluster 10.1.174.149 ...
10/09/2018 17:23:43 [SUCCESS] Retrieved list of tasks on the cluster 10.1.174.149
10/09/2018 17:23:43 [WARNING] Waiting 5 seconds for task Deactivate Protection Domain task for protection domain steph-esma-test1 to complete : 0%
10/09/2018 17:23:53 [WARNING] Waiting 5 seconds for task Deactivate Protection Domain task for protection domain steph-esma-test1 to complete : 0%
10/09/2018 17:24:02 [WARNING] Waiting 5 seconds for task Deactivate Protection Domain task for protection domain steph-esma-test1 to complete : 0%
10/09/2018 17:24:11 [WARNING] Waiting 5 seconds for task Deactivate Protection Domain task for protection domain steph-esma-test1 to complete : 0%
10/09/2018 17:24:20 [WARNING] Waiting 5 seconds for task Deactivate Protection Domain task for protection domain steph-esma-test1 to complete : 0%
10/09/2018 17:24:30 [WARNING] Waiting 5 seconds for task Deactivate Protection Domain task for protection domain steph-esma-test1 to complete : 0%
10/09/2018 17:24:40 [WARNING] Waiting 5 seconds for task Deactivate Protection Domain task for protection domain steph-esma-test1 to complete : 0%
10/09/2018 17:24:49 [WARNING] Waiting 5 seconds for task Deactivate Protection Domain task for protection domain steph-esma-test1 to complete : 0%
10/09/2018 17:24:57 [WARNING] Waiting 5 seconds for task Deactivate Protection Domain task for protection domain steph-esma-test1 to complete : 0%
10/09/2018 17:25:06 [WARNING] Waiting 5 seconds for task Deactivate Protection Domain task for protection domain steph-esma-test1 to complete : 0%
10/09/2018 17:25:16 [WARNING] Waiting 5 seconds for task Deactivate Protection Domain task for protection domain steph-esma-test1 to complete : 0%
10/09/2018 17:25:25 [WARNING] Waiting 5 seconds for task Deactivate Protection Domain task for protection domain steph-esma-test1 to complete : 0%
10/09/2018 17:25:34 [WARNING] Waiting 5 seconds for task Deactivate Protection Domain task for protection domain steph-esma-test1 to complete : 0%
10/09/2018 17:25:43 [WARNING] Waiting 5 seconds for task Deactivate Protection Domain task for protection domain steph-esma-test1 to complete : 0%
10/09/2018 17:25:52 [WARNING] Waiting 5 seconds for task Deactivate Protection Domain task for protection domain steph-esma-test1 to complete : 0%
10/09/2018 17:26:01 [WARNING] Waiting 5 seconds for task Deactivate Protection Domain task for protection domain steph-esma-test1 to complete : 0%
10/09/2018 17:26:09 [WARNING] Waiting 5 seconds for task Deactivate Protection Domain task for protection domain steph-esma-test1 to complete : 0%
10/09/2018 17:26:17 [WARNING] Waiting 5 seconds for task Deactivate Protection Domain task for protection domain steph-esma-test1 to complete : 0%
10/09/2018 17:26:27 [WARNING] Waiting 5 seconds for task Deactivate Protection Domain task for protection domain steph-esma-test1 to complete : 0%
10/09/2018 17:26:42 [WARNING] Waiting 5 seconds for task Deactivate Protection Domain task for protection domain steph-esma-test1 to complete : 0%
10/09/2018 17:26:52 [WARNING] Waiting 5 seconds for task Deactivate Protection Domain task for protection domain steph-esma-test1 to complete : 0%
10/09/2018 17:27:01 [WARNING] Waiting 5 seconds for task Deactivate Protection Domain task for protection domain steph-esma-test1 to complete : 0%
10/09/2018 17:27:11 [WARNING] Waiting 5 seconds for task Deactivate Protection Domain task for protection domain steph-esma-test1 to complete : 0%
10/09/2018 17:27:19 [WARNING] Waiting 5 seconds for task Deactivate Protection Domain task for protection domain steph-esma-test1 to complete : 0%
10/09/2018 17:27:27 [WARNING] Waiting 5 seconds for task Deactivate Protection Domain task for protection domain steph-esma-test1 to complete : 0%
10/09/2018 17:27:36 [WARNING] Waiting 5 seconds for task Deactivate Protection Domain task for protection domain steph-esma-test1 to complete : 0%
10/09/2018 17:27:45 [WARNING] Waiting 5 seconds for task Deactivate Protection Domain task for protection domain steph-esma-test1 to complete : 0%
10/09/2018 17:27:53 [WARNING] Waiting 5 seconds for task Deactivate Protection Domain task for protection domain steph-esma-test1 to complete : 0%
10/09/2018 17:28:02 [WARNING] Waiting 5 seconds for task Deactivate Protection Domain task for protection domain steph-esma-test1 to complete : 0%
10/09/2018 17:28:12 [WARNING] Waiting 5 seconds for task Deactivate Protection Domain task for protection domain steph-esma-test1 to complete : 0%
10/09/2018 17:28:20 [WARNING] Waiting 5 seconds for task Deactivate Protection Domain task for protection domain steph-esma-test1 to complete : 0%
10/09/2018 17:28:29 [WARNING] Waiting 5 seconds for task Deactivate Protection Domain task for protection domain steph-esma-test1 to complete : 0%
10/09/2018 17:28:37 [WARNING] Waiting 5 seconds for task Deactivate Protection Domain task for protection domain steph-esma-test1 to complete : 0%
10/09/2018 17:28:46 [WARNING] Waiting 5 seconds for task Deactivate Protection Domain task for protection domain steph-esma-test1 to complete : 0%
10/09/2018 17:28:55 [WARNING] Waiting 5 seconds for task Deactivate Protection Domain task for protection domain steph-esma-test1 to complete : 0%
10/09/2018 17:29:04 [WARNING] Waiting 5 seconds for task Deactivate Protection Domain task for protection domain steph-esma-test1 to complete : 0%
10/09/2018 17:29:14 [WARNING] Waiting 5 seconds for task Deactivate Protection Domain task for protection domain steph-esma-test1 to complete : 0%
10/09/2018 17:29:26 [WARNING] Waiting 5 seconds for task Deactivate Protection Domain task for protection domain steph-esma-test1 to complete : 0%
10/09/2018 17:29:38 [WARNING] Waiting 5 seconds for task Deactivate Protection Domain task for protection domain steph-esma-test1 to complete : 0%
10/09/2018 17:29:48 [WARNING] Waiting 5 seconds for task Deactivate Protection Domain task for protection domain steph-esma-test1 to complete : 0%
10/09/2018 17:29:57 [WARNING] Waiting 5 seconds for task Deactivate Protection Domain task for protection domain steph-esma-test1 to complete : 0%
10/09/2018 17:30:06 [WARNING] Waiting 5 seconds for task Deactivate Protection Domain task for protection domain steph-esma-test1 to complete : 0%
10/09/2018 17:30:14 [WARNING] Waiting 5 seconds for task Deactivate Protection Domain task for protection domain steph-esma-test1 to complete : 0%
10/09/2018 17:30:22 [WARNING] Waiting 5 seconds for task Deactivate Protection Domain task for protection domain steph-esma-test1 to complete : 0%
10/09/2018 17:30:31 [WARNING] Waiting 5 seconds for task Deactivate Protection Domain task for protection domain steph-esma-test1 to complete : 0%
10/09/2018 17:30:40 [WARNING] Waiting 5 seconds for task Deactivate Protection Domain task for protection domain steph-esma-test1 to complete : 0%
10/09/2018 17:30:49 [WARNING] Waiting 5 seconds for task Deactivate Protection Domain task for protection domain steph-esma-test1 to complete : 0%
10/09/2018 17:30:57 [WARNING] Waiting 5 seconds for task Deactivate Protection Domain task for protection domain steph-esma-test1 to complete : 0%
10/09/2018 17:31:08 [WARNING] Waiting 5 seconds for task Deactivate Protection Domain task for protection domain steph-esma-test1 to complete : 0%
10/09/2018 17:31:20 [WARNING] Waiting 5 seconds for task Deactivate Protection Domain task for protection domain steph-esma-test1 to complete : 0%
10/09/2018 17:31:28 [WARNING] Waiting 5 seconds for task Deactivate Protection Domain task for protection domain steph-esma-test1 to complete : 0%
10/09/2018 17:31:37 [WARNING] Waiting 5 seconds for task Deactivate Protection Domain task for protection domain steph-esma-test1 to complete : 0%
10/09/2018 17:31:45 [WARNING] Waiting 5 seconds for task Deactivate Protection Domain task for protection domain steph-esma-test1 to complete : 0%
10/09/2018 17:31:54 [WARNING] Waiting 5 seconds for task Deactivate Protection Domain task for protection domain steph-esma-test1 to complete : 0%
10/09/2018 17:32:02 [WARNING] Waiting 5 seconds for task Deactivate Protection Domain task for protection domain steph-esma-test1 to complete : 0%
10/09/2018 17:32:10 [WARNING] Waiting 5 seconds for task Deactivate Protection Domain task for protection domain steph-esma-test1 to complete : 0%
